  [1m[35m (0.1ms)[0m  [1m[34mSELECT sqlite_version(*)[0m
  â†³ /Users/takahashimasako/.rbenv/versions/2.5.1/bin/rake:23
  [1m[35m (4.4ms)[0m  [1m[35mCREATE TABLE "schema_migrations" ("version" varchar NOT NULL PRIMARY KEY)[0m
  â†³ /Users/takahashimasako/.rbenv/versions/2.5.1/bin/rake:23
  [1m[35m (3.2ms)[0m  [1m[35mCREATE TABLE "ar_internal_metadata" ("key" varchar NOT NULL PRIMARY KEY, "value" varchar, "created_at" datetime NOT NULL, "updated_at" datetime NOT NULL)[0m
  â†³ /Users/takahashimasako/.rbenv/versions/2.5.1/bin/rake:23
  [1m[35m (0.2ms)[0m  [1m[34mSELECT "schema_migrations"."version" FROM "schema_migrations" ORDER BY "schema_migrations"."version" ASC[0m
  â†³ /Users/takahashimasako/.rbenv/versions/2.5.1/bin/rake:23
Migrating to CreateUsers (20180917121518)
  [1m[35m (0.1ms)[0m  [1m[36mbegin transaction[0m
  â†³ /Users/takahashimasako/.rbenv/versions/2.5.1/bin/rake:23
  [1m[35m (0.6ms)[0m  [1m[35mCREATE TABLE "users" ("id" integer PRIMARY KEY AUTOINCREMENT NOT NULL, "name" varchar, "age" integer, "address" varchar, "created_at" datetime NOT NULL, "updated_at" datetime NOT NULL)[0m
  â†³ db/migrate/20180917121518_create_users.rb:3
  [1m[36mActiveRecord::SchemaMigration Create (0.2ms)[0m  [1m[32mINSERT INTO "schema_migrations" ("version") VALUES (?)[0m  [["version", "20180917121518"]]
  â†³ /Users/takahashimasako/.rbenv/versions/2.5.1/bin/rake:23
  [1m[35m (1.4ms)[0m  [1m[36mcommit transaction[0m
  â†³ /Users/takahashimasako/.rbenv/versions/2.5.1/bin/rake:23
  [1m[36mActiveRecord::InternalMetadata Load (0.2ms)[0m  [1m[34mSELECT  "ar_internal_metadata".* FROM "ar_internal_metadata" WHERE "ar_internal_metadata"."key" = ? LIMIT ?[0m  [["key", "environment"], ["LIMIT", 1]]
  â†³ /Users/takahashimasako/.rbenv/versions/2.5.1/bin/rake:23
  [1m[35m (0.1ms)[0m  [1m[36mbegin transaction[0m
  â†³ /Users/takahashimasako/.rbenv/versions/2.5.1/bin/rake:23
  [1m[36mActiveRecord::InternalMetadata Create (0.8ms)[0m  [1m[32mINSERT INTO "ar_internal_metadata" ("key", "value", "created_at", "updated_at") VALUES (?, ?, ?, ?)[0m  [["key", "environment"], ["value", "development"], ["created_at", "2019-01-06 22:33:42.458761"], ["updated_at", "2019-01-06 22:33:42.458761"]]
  â†³ /Users/takahashimasako/.rbenv/versions/2.5.1/bin/rake:23
  [1m[35m (1.6ms)[0m  [1m[36mcommit transaction[0m
  â†³ /Users/takahashimasako/.rbenv/versions/2.5.1/bin/rake:23
  [1m[35m (0.2ms)[0m  [1m[34mSELECT "schema_migrations"."version" FROM "schema_migrations" ORDER BY "schema_migrations"."version" ASC[0m
  â†³ /Users/takahashimasako/.rbenv/versions/2.5.1/bin/rake:23
  [1m[35m (0.1ms)[0m  [1m[36mbegin transaction[0m
  [1m[36mUser Create (0.8ms)[0m  [1m[32mINSERT INTO "users" ("name", "age", "address", "created_at", "updated_at") VALUES (?, ?, ?, ?, ?)[0m  [["name", "é«˜æ©‹"], ["age", 36], ["address", "ç¥å¥ˆå·"], ["created_at", "2019-01-06 22:36:10.047215"], ["updated_at", "2019-01-06 22:36:10.047215"]]
  [1m[35m (1.1ms)[0m  [1m[36mcommit transaction[0m
  [1m[35m (0.1ms)[0m  [1m[36mbegin transaction[0m
  [1m[36mUser Create (0.8ms)[0m  [1m[32mINSERT INTO "users" ("name", "age", "address", "created_at", "updated_at") VALUES (?, ?, ?, ?, ?)[0m  [["name", "é«˜æ©‹"], ["age", 36], ["address", "ç¥å¥ˆå·"], ["created_at", "2019-01-06 22:36:10.058328"], ["updated_at", "2019-01-06 22:36:10.058328"]]
  [1m[35m (3.5ms)[0m  [1m[36mcommit transaction[0m
  [1m[35m (0.1ms)[0m  [1m[36mbegin transaction[0m
  [1m[36mUser Create (0.7ms)[0m  [1m[32mINSERT INTO "users" ("name", "age", "address", "created_at", "updated_at") VALUES (?, ?, ?, ?, ?)[0m  [["name", "é«˜æ©‹"], ["age", 36], ["address", "ç¥å¥ˆå·"], ["created_at", "2019-01-06 22:36:10.064763"], ["updated_at", "2019-01-06 22:36:10.064763"]]
  [1m[35m (1.6ms)[0m  [1m[36mcommit transaction[0m
  [1m[35m (0.1ms)[0m  [1m[36mbegin transaction[0m
  [1m[36mUser Create (0.8ms)[0m  [1m[32mINSERT INTO "users" ("name", "age", "address", "created_at", "updated_at") VALUES (?, ?, ?, ?, ?)[0m  [["name", "é«˜æ©‹"], ["age", 36], ["address", "ç¥å¥ˆå·"], ["created_at", "2019-01-06 22:36:10.071105"], ["updated_at", "2019-01-06 22:36:10.071105"]]
  [1m[35m (2.1ms)[0m  [1m[36mcommit transaction[0m
  [1m[35m (0.1ms)[0m  [1m[36mbegin transaction[0m
  [1m[36mUser Create (0.7ms)[0m  [1m[32mINSERT INTO "users" ("name", "age", "address", "created_at", "updated_at") VALUES (?, ?, ?, ?, ?)[0m  [["name", "é«˜æ©‹"], ["age", 36], ["address", "ç¥å¥ˆå·"], ["created_at", "2019-01-06 22:36:10.076163"], ["updated_at", "2019-01-06 22:36:10.076163"]]
  [1m[35m (1.4ms)[0m  [1m[36mcommit transaction[0m
  [1m[35m (0.1ms)[0m  [1m[36mbegin transaction[0m
  [1m[36mUser Create (0.7ms)[0m  [1m[32mINSERT INTO "users" ("name", "age", "address", "created_at", "updated_at") VALUES (?, ?, ?, ?, ?)[0m  [["name", "é«˜æ©‹"], ["age", 36], ["address", "ç¥å¥ˆå·"], ["created_at", "2019-01-06 22:36:10.082148"], ["updated_at", "2019-01-06 22:36:10.082148"]]
  [1m[35m (3.4ms)[0m  [1m[36mcommit transaction[0m
  [1m[35m (0.1ms)[0m  [1m[36mbegin transaction[0m
  [1m[36mUser Create (0.6ms)[0m  [1m[32mINSERT INTO "users" ("name", "age", "address", "created_at", "updated_at") VALUES (?, ?, ?, ?, ?)[0m  [["name", "é«˜æ©‹"], ["age", 36], ["address", "ç¥å¥ˆå·"], ["created_at", "2019-01-06 22:36:10.092048"], ["updated_at", "2019-01-06 22:36:10.092048"]]
  [1m[35m (1.0ms)[0m  [1m[36mcommit transaction[0m
  [1m[35m (0.1ms)[0m  [1m[36mbegin transaction[0m
  [1m[36mUser Create (0.6ms)[0m  [1m[32mINSERT INTO "users" ("name", "age", "address", "created_at", "updated_at") VALUES (?, ?, ?, ?, ?)[0m  [["name", "é«˜æ©‹"], ["age", 36], ["address", "ç¥å¥ˆå·"], ["created_at", "2019-01-06 22:36:10.096053"], ["updated_at", "2019-01-06 22:36:10.096053"]]
  [1m[35m (1.0ms)[0m  [1m[36mcommit transaction[0m
  [1m[35m (0.1ms)[0m  [1m[36mbegin transaction[0m
  [1m[36mUser Create (0.5ms)[0m  [1m[32mINSERT INTO "users" ("name", "age", "address", "created_at", "updated_at") VALUES (?, ?, ?, ?, ?)[0m  [["name", "é«˜æ©‹"], ["age", 36], ["address", "ç¥å¥ˆå·"], ["created_at", "2019-01-06 22:36:10.131368"], ["updated_at", "2019-01-06 22:36:10.131368"]]
  [1m[35m (1.0ms)[0m  [1m[36mcommit transaction[0m
  [1m[35m (0.1ms)[0m  [1m[36mbegin transaction[0m
  [1m[36mUser Create (0.6ms)[0m  [1m[32mINSERT INTO "users" ("name", "age", "address", "created_at", "updated_at") VALUES (?, ?, ?, ?, ?)[0m  [["name", "é«˜æ©‹"], ["age", 36], ["address", "ç¥å¥ˆå·"], ["created_at", "2019-01-06 22:36:10.136001"], ["updated_at", "2019-01-06 22:36:10.136001"]]
  [1m[35m (1.1ms)[0m  [1m[36mcommit transaction[0m
  [1m[35m (0.1ms)[0m  [1m[36mbegin transaction[0m
  [1m[36mUser Create (0.5ms)[0m  [1m[32mINSERT INTO "users" ("name", "age", "address", "created_at", "updated_at") VALUES (?, ?, ?, ?, ?)[0m  [["name", "é«˜æ©‹"], ["age", 36], ["address", "ç¥å¥ˆå·"], ["created_at", "2019-01-06 22:36:10.142138"], ["updated_at", "2019-01-06 22:36:10.142138"]]
  [1m[35m (1.0ms)[0m  [1m[36mcommit transaction[0m
  [1m[35m (0.1ms)[0m  [1m[36mbegin transaction[0m
  [1m[36mUser Create (0.5ms)[0m  [1m[32mINSERT INTO "users" ("name", "age", "address", "created_at", "updated_at") VALUES (?, ?, ?, ?, ?)[0m  [["name", "é«˜æ©‹"], ["age", 36], ["address", "ç¥å¥ˆå·"], ["created_at", "2019-01-06 22:36:10.145715"], ["updated_at", "2019-01-06 22:36:10.145715"]]
  [1m[35m (1.0ms)[0m  [1m[36mcommit transaction[0m
